<?xml version="1.0" encoding="UTF-8"?>
<!-- Generated by org.testng.reporters.JUnitReportReporter -->
<testsuite hostname="Vikram" failures="0" tests="1" name="books.TC_DWS_005_Test" time="4.312" errors="0" timestamp="2024-08-20T20:12:01 IST" skipped="0">
  <testcase classname="books.TC_DWS_005_Test" name="clickOnButton" time="4.312"/>
  <system-out>
    <![CDATA[Books page is displayed
Test Script has passed]]>
  </system-out>
</testsuite> <!-- books.TC_DWS_005_Test -->
